2025-10-19 13:17:50 | Benutzer: heiner | Datei: .ops/ampel.flag | Neuer Inhalt: GREEN	2025-10-19 13:16:08	 
2025-10-19 13:26:12 | Benutzer: heiner | Datei: .ops/ampel.flag | Neuer Inhalt: GREEN	2025-10-19 13:26:08	 
2025-10-19 13:31:13 | Benutzer: heiner | Datei: .ops/ampel.flag | Neuer Inhalt: GREEN	2025-10-19 13:31:08	 
2025-10-19 13:31:40 | Benutzer: heiner | Datei: .ops/ampel.flag | Neuer Inhalt: GREEN	2025-10-19 13:31:08	 
2025-10-19 13:46:08 | Benutzer: heiner | Datei: .ops/ampel.flag | Neuer Inhalt: GREEN	2025-10-19 13:46:08	 
2025-10-19 13:51:09 | Benutzer: heiner | Datei: .ops/ampel.flag | Neuer Inhalt: GREEN	2025-10-19 13:51:08	 
2025-10-19 14:16:09 | Benutzer: heiner | Datei: .ops/ampel.flag | Neuer Inhalt: GREEN	2025-10-19 14:16:08	 
2025-10-19 14:26:11 | Benutzer: heiner | Datei: .ops/ampel.flag | Neuer Inhalt: GREEN	2025-10-19 14:26:08	 
2025-10-19 14:41:20 | Benutzer: heiner | Datei: .ops/ampel.flag | Neuer Inhalt: GREEN	2025-10-19 14:41:16	 
2025-10-19 15:01:09 | Benutzer: heiner | Datei: .ops/ampel.flag | Neuer Inhalt: GREEN	2025-10-19 15:01:08	 
2025-10-19 15:06:15 | Benutzer: heiner | Datei: .ops/ampel.flag | Neuer Inhalt: GREEN	2025-10-19 15:06:14	 
2025-10-19 15:11:21 | Benutzer: heiner | Datei: .ops/ampel.flag | Neuer Inhalt: GREEN	2025-10-19 15:11:18	 
2025-10-19 15:16:12 | Benutzer: heiner | Datei: .ops/ampel.flag | Neuer Inhalt: GREEN	2025-10-19 15:16:08	 
2025-10-19 18:07:24 | Benutzer: heiner | Datei: .ops/ampel.flag | Neuer Inhalt: GREEN	2025-10-19 18:06:08	 
2025-10-19 18:31:09 | Benutzer: heiner | Datei: .ops/ampel.flag | Neuer Inhalt: GREEN	2025-10-19 18:31:08	 
2025-10-19 18:36:15 | Benutzer: heiner | Datei: .ops/ampel.flag | Neuer Inhalt: GREEN	2025-10-19 18:36:14	 
2025-10-19 18:46:13 | Benutzer: heiner | Datei: .ops/ampel.flag | Neuer Inhalt: GREEN	2025-10-19 18:46:08	 
2025-10-19 18:51:09 | Benutzer: heiner | Datei: .ops/ampel.flag | Neuer Inhalt: GREEN	2025-10-19 18:51:08	 
2025-10-19 18:56:20 | Benutzer: heiner | Datei: .ops/ampel.flag | Neuer Inhalt: GREEN	2025-10-19 18:56:18	 
2025-10-19 19:16:09 | Benutzer: heiner | Datei: .ops/ampel.flag | Neuer Inhalt: GREEN	2025-10-19 19:16:08	 
2025-10-19 19:21:20 | Benutzer: heiner | Datei: .ops/ampel.flag | Neuer Inhalt: GREEN	2025-10-19 19:21:17	 
2025-10-19 19:36:08 | Benutzer: heiner | Datei: .ops/ampel.flag | Neuer Inhalt: GREEN	2025-10-19 19:36:08	 
2025-10-19 19:46:20 | Benutzer: heiner | Datei: .ops/ampel.flag | Neuer Inhalt: GREEN	2025-10-19 19:46:16	 
2025-10-19 19:50:01 | Benutzer: heiner | Datei: .ops/ampel.flag | Neuer Inhalt: GREEN	2025-10-19 19:50:01	 
2025-10-19 20:01:13 | Benutzer: heiner | Datei: .ops/ampel.flag | Neuer Inhalt: GREEN	2025-10-19 20:01:09	 
2025-10-19 20:06:19 | Benutzer: heiner | Datei: .ops/ampel.flag | Neuer Inhalt: GREEN	2025-10-19 20:06:18	 
2025-10-20 10:57:02 | Benutzer: heiner | Datei: /home/heiner/waldsensor-sh.github.io/.ops/ampel.flag | Neuer Inhalt: GREEN	2025-10-20 10:56:08	 
2025-10-20 11:01:13 | Benutzer: heiner | Datei: /home/heiner/waldsensor-sh.github.io/.ops/ampel.flag | Neuer Inhalt: GREEN	2025-10-20 11:01:08	 
2025-10-20 11:06:09 | Benutzer: heiner | Datei: /home/heiner/waldsensor-sh.github.io/.ops/ampel.flag | Neuer Inhalt: GREEN	2025-10-20 11:06:08	 
2025-10-20 11:11:15 | Benutzer: heiner | Datei: /home/heiner/waldsensor-sh.github.io/.ops/ampel.flag | Neuer Inhalt: GREEN	2025-10-20 11:11:15	 
2025-10-20 11:31:09 | Benutzer: heiner | Datei: /home/heiner/waldsensor-sh.github.io/.ops/ampel.flag | Neuer Inhalt: GREEN	2025-10-20 11:31:08	 
2025-10-20 11:36:20 | Benutzer: heiner | Datei: /home/heiner/waldsensor-sh.github.io/.ops/ampel.flag | Neuer Inhalt: GREEN	2025-10-20 11:36:16	 
2025-10-20 11:41:11 | Benutzer: heiner | Datei: /home/heiner/waldsensor-sh.github.io/.ops/ampel.flag | Neuer Inhalt: GREEN	2025-10-20 11:41:08	 
2025-10-20 11:46:12 | Benutzer: heiner | Datei: /home/heiner/waldsensor-sh.github.io/.ops/ampel.flag | Neuer Inhalt: GREEN	2025-10-20 11:46:08	 
2025-10-20 11:51:08 | Benutzer: heiner | Datei: /home/heiner/waldsensor-sh.github.io/.ops/ampel.flag | Neuer Inhalt: GREEN	2025-10-20 11:51:08	 
2025-10-20 12:01:20 | Benutzer: heiner | Datei: /home/heiner/waldsensor-sh.github.io/.ops/ampel.flag | Neuer Inhalt: GREEN	2025-10-20 12:01:19	 
2025-10-20 12:05:01 | Benutzer: heiner | Datei: /home/heiner/waldsensor-sh.github.io/.ops/ampel.flag | Neuer Inhalt: RED   ← gesetzt von netstats (2025-10-20 12:05:01) 
2025-10-20 12:11:12 | Benutzer: heiner | Datei: /home/heiner/waldsensor-sh.github.io/.ops/ampel.flag | Neuer Inhalt: GREEN	2025-10-20 12:11:08	 
2025-10-20 12:16:08 | Benutzer: heiner | Datei: /home/heiner/waldsensor-sh.github.io/.ops/ampel.flag | Neuer Inhalt: GREEN	2025-10-20 12:16:08	 
2025-10-20 12:21:20 | Benutzer: heiner | Datei: /home/heiner/waldsensor-sh.github.io/.ops/ampel.flag | Neuer Inhalt: GREEN	2025-10-20 12:21:17	 
2025-10-20 12:26:21 | Benutzer: heiner | Datei: /home/heiner/waldsensor-sh.github.io/.ops/ampel.flag | Neuer Inhalt: GREEN	2025-10-20 12:26:19	 
2025-10-20 12:36:13 | Benutzer: heiner | Datei: /home/heiner/waldsensor-sh.github.io/.ops/ampel.flag | Neuer Inhalt: GREEN	2025-10-20 12:36:08	 
2025-10-20 12:46:10 | Benutzer: heiner | Datei: /home/heiner/waldsensor-sh.github.io/.ops/ampel.flag | Neuer Inhalt: GREEN	2025-10-20 12:46:09	 
2025-10-20 13:01:13 | Benutzer: heiner | Datei: /home/heiner/waldsensor-sh.github.io/.ops/ampel.flag | Neuer Inhalt: GREEN	2025-10-20 13:01:08	 
2025-10-20 13:06:09 | Benutzer: heiner | Datei: /home/heiner/waldsensor-sh.github.io/.ops/ampel.flag | Neuer Inhalt: GREEN	2025-10-20 13:06:08	 
2025-10-20 13:31:09 | Benutzer: heiner | Datei: /home/heiner/waldsensor-sh.github.io/.ops/ampel.flag | Neuer Inhalt: GREEN	2025-10-20 13:31:08	 
2025-10-20 13:36:15 | Benutzer: heiner | Datei: /home/heiner/waldsensor-sh.github.io/.ops/ampel.flag | Neuer Inhalt: GREEN	2025-10-20 13:36:13	 
2025-10-20 13:46:13 | Benutzer: heiner | Datei: /home/heiner/waldsensor-sh.github.io/.ops/ampel.flag | Neuer Inhalt: GREEN	2025-10-20 13:46:08	 
2025-10-20 13:51:09 | Benutzer: heiner | Datei: /home/heiner/waldsensor-sh.github.io/.ops/ampel.flag | Neuer Inhalt: GREEN	2025-10-20 13:51:08	 
2025-10-20 14:16:09 | Benutzer: heiner | Datei: /home/heiner/waldsensor-sh.github.io/.ops/ampel.flag | Neuer Inhalt: GREEN	2025-10-20 14:16:08	 
2025-10-20 14:21:20 | Benutzer: heiner | Datei: /home/heiner/waldsensor-sh.github.io/.ops/ampel.flag | Neuer Inhalt: GREEN	2025-10-20 14:21:18	 
2025-10-21 09:46:13 | Benutzer: heiner | Datei: /home/heiner/waldsensor-sh.github.io/.ops/ampel.flag | Neuer Inhalt: GREEN	2025-10-21 09:46:08	 
2025-10-21 09:51:09 | Benutzer: heiner | Datei: /home/heiner/waldsensor-sh.github.io/.ops/ampel.flag | Neuer Inhalt: GREEN	2025-10-21 09:51:08	 
2025-10-21 09:56:20 | Benutzer: heiner | Datei: /home/heiner/waldsensor-sh.github.io/.ops/ampel.flag | Neuer Inhalt: GREEN	2025-10-21 09:56:19	 
2025-10-29 11:57:57 | Benutzer: heiner | Datei: /home/heiner/waldsensor-sh.github.io/.ops/ampel.flag | Neuer Inhalt: RED   ← gesetzt von build_all (2025-10-29 11:57:54) 
2025-10-29 11:59:00 | Benutzer: heiner | Datei: /home/heiner/waldsensor-sh.github.io/.ops/ampel.flag | Neuer Inhalt: GREEN 
2025-10-29 12:01:20 | Benutzer: heiner | Datei: /home/heiner/waldsensor-sh.github.io/.ops/ampel.flag | Neuer Inhalt: GREEN	2025-10-29 12:01:18	 
2025-10-29 12:16:09 | Benutzer: heiner | Datei: /home/heiner/waldsensor-sh.github.io/.ops/ampel.flag | Neuer Inhalt: GREEN	2025-10-29 12:16:09	 
2025-10-29 12:26:11 | Benutzer: heiner | Datei: /home/heiner/waldsensor-sh.github.io/.ops/ampel.flag | Neuer Inhalt: GREEN	2025-10-29 12:26:08	 
2025-10-29 12:26:45 | Benutzer: heiner | Datei: /home/heiner/waldsensor-sh.github.io/.ops/ampel.flag | Neuer Inhalt: GREEN	2025-10-29 12:26:08	 
2025-10-29 12:29:01 | Benutzer: heiner | Datei: /home/heiner/waldsensor-sh.github.io/.ops/ampel.flag | Neuer Inhalt: RED   ← gesetzt von enriched_test (2025-10-29 12:29:01) 
2025-10-29 12:29:06 | Benutzer: heiner | Datei: /home/heiner/waldsensor-sh.github.io/.ops/ampel.flag | Neuer Inhalt: GREEN	2025-10-29 12:29:02	 
2025-10-29 12:29:11 | Benutzer: heiner | Datei: /home/heiner/waldsensor-sh.github.io/.ops/ampel.flag | Neuer Inhalt: RED   ← gesetzt von enriched_test (2025-10-29 12:29:11) 
2025-10-29 12:29:16 | Benutzer: heiner | Datei: /home/heiner/waldsensor-sh.github.io/.ops/ampel.flag | Neuer Inhalt: GREEN	2025-10-29 12:29:14	 
2025-10-29 12:29:21 | Benutzer: heiner | Datei: /home/heiner/waldsensor-sh.github.io/.ops/ampel.flag | Neuer Inhalt: RED   ← gesetzt von enriched_test (2025-10-29 12:29:18) 
2025-10-29 12:29:26 | Benutzer: heiner | Datei: /home/heiner/waldsensor-sh.github.io/.ops/ampel.flag | Neuer Inhalt: GREEN	2025-10-29 12:29:22	 
2025-10-29 12:29:46 | Benutzer: heiner | Datei: /home/heiner/waldsensor-sh.github.io/.ops/ampel.flag | Neuer Inhalt: RED   ← gesetzt von enriched_test (2025-10-29 12:29:45) 
2025-10-29 12:29:51 | Benutzer: heiner | Datei: /home/heiner/waldsensor-sh.github.io/.ops/ampel.flag | Neuer Inhalt: GREEN	2025-10-29 12:29:49	 
2025-10-29 12:46:10 | Benutzer: heiner | Datei: /home/heiner/waldsensor-sh.github.io/.ops/ampel.flag | Neuer Inhalt: GREEN	2025-10-29 12:46:09	 
2025-10-29 12:52:41 | Benutzer: heiner | Datei: /home/heiner/waldsensor-sh.github.io/.ops/ampel.flag | Neuer Inhalt: GREEN	2025-10-29 12:52:38	 
2025-10-29 12:52:56 | Benutzer: heiner | Datei: /home/heiner/waldsensor-sh.github.io/.ops/ampel.flag | Neuer Inhalt: RED   ← gesetzt von history (2025-10-29 12:52:55) 
2025-10-29 12:53:01 | Benutzer: heiner | Datei: /home/heiner/waldsensor-sh.github.io/.ops/ampel.flag | Neuer Inhalt: GREEN	2025-10-29 12:52:58	 
2025-10-29 12:54:52 | Benutzer: heiner | Datei: /home/heiner/waldsensor-sh.github.io/.ops/ampel.flag | Neuer Inhalt: GREEN	2025-10-29 12:54:50	 
2025-10-29 12:56:12 | Benutzer: heiner | Datei: /home/heiner/waldsensor-sh.github.io/.ops/ampel.flag | Neuer Inhalt: GREEN	2025-10-29 12:56:09	 
